<?xml version="1.0" encoding="UTF-8"?>
<!-- Generated by org.testng.reporters.JUnitXMLReporter -->
<testsuite hostname="Saikrishna" ignored="2" name="Default test" tests="1" failures="0" timestamp="05 Mar 2017 19:29:31 GMT" time="9.55" errors="0">
  <testcase name="TC0001" time="9.529" classname="com.test.Gmail.Testdriver.LoginPage"/>
  <testcase name="TC0002" time="0.0" classname="com.test.Gmail.Testdriver.LoginPage">
    <ignored/>
  </testcase> <!-- TC0002 -->
  <testcase name="TC0003" time="0.0" classname="com.test.Gmail.Testdriver.LoginPage">
    <ignored/>
  </testcase> <!-- TC0003 -->
</testsuite> <!-- Default test -->
