<?xml version="1.0" encoding="UTF-8"?>
<!-- Generated by org.testng.reporters.JUnitXMLReporter -->
<testsuite hostname="Saikrishna" ignored="0" name="Test" tests="3" failures="1" timestamp="05 Mar 2017 19:28:10 GMT" time="14.026" errors="0">
  <testcase name="TC0001" time="12.416" classname="com.test.Gmail.Testdriver.LoginPage"/>
  <testcase name="TC0002" time="1.388" classname="com.test.Gmail.Testdriver.LoginPage"/>
  <testcase name="TC0003" time="0.122" classname="com.test.Gmail.Testdriver.LoginPage">
    <failure type="java.lang.AssertionError" message="expected [Sign in to continue to Gmail] but found [Log in om door te gaan naar Gmail]">
      <![CDATA[java.lang.AssertionError: expected [Sign in to continue to Gmail] but found [Log in om door te gaan naar Gmail]
	at com.test.Gmail.Testdriver.LoginPage.TC0003(LoginPage.java:99)
... Removed 31 stack frames]]>
    </failure>
  </testcase> <!-- TC0003 -->
</testsuite> <!-- Test -->
